<?xml version="1.0" encoding="UTF-8"?>
<!-- Generated by org.testng.reporters.JUnitXMLReporter -->
<testsuite ignored="0" hostname="DESKTOP-AKNCFH9" failures="0" tests="4" name="Default test" time="29.754" errors="0" timestamp="2022-04-23T16:11:37 IST">
  <testcase classname="com.qa.opencart.test.LoginPageTest" name="loginPageTest" time="0.305"/>
  <testcase classname="com.qa.opencart.test.LoginPageTest" name="loginPageURLTest" time="0.034"/>
  <testcase classname="com.qa.opencart.test.LoginPageTest" name="verifyForgotPwdLink" time="0.115"/>
  <testcase classname="com.qa.opencart.test.LoginPageTest" name="loginTest" time="3.365"/>
</testsuite> <!-- Default test -->
