<?xml version="1.0" encoding="UTF-8"?>
<!-- Generated by org.testng.reporters.JUnitXMLReporter -->
<testsuite ignored="0" hostname="DESKTOP-AKNCFH9" failures="0" tests="4" name="Default test" time="37.323" errors="0" timestamp="2022-04-19T21:12:40 IST">
  <testcase classname="com.qa.opencart.test.LoginPageTest" name="loginPageTest" time="0.126"/>
  <testcase classname="com.qa.opencart.test.LoginPageTest" name="loginPageURLTest" time="0.059"/>
  <testcase classname="com.qa.opencart.test.LoginPageTest" name="verifyForgotPwdLink" time="0.138"/>
  <testcase classname="com.qa.opencart.test.LoginPageTest" name="loginTest" time="19.415"/>
</testsuite> <!-- Default test -->
