<?xml version="1.0" encoding="UTF-8"?>
<testng-results ignored="0" total="4" passed="4" failed="0" skipped="0">
  <reporter-output>
  </reporter-output>
  <suite started-at="2022-04-23T16:11:07 IST" name="Default suite" finished-at="2022-04-23T16:11:37 IST" duration-ms="29754">
    <groups>
    </groups>
    <test started-at="2022-04-23T16:11:07 IST" name="Default test" finished-at="2022-04-23T16:11:37 IST" duration-ms="29754">
      <class name="com.qa.opencart.test.LoginPageTest">
        <test-method is-config="true" signature="setUp()[pri:0, instance:com.qa.opencart.test.LoginPageTest@58112bc4]" started-at="2022-04-23T16:11:07 IST" name="setUp" finished-at="2022-04-23T16:11:31 IST" duration-ms="23944" status="PASS">
          <reporter-output>
          </reporter-output>
        </test-method> <!-- setUp -->
        <test-method signature="loginPageTest()[pri:1, instance:com.qa.opencart.test.LoginPageTest@58112bc4]" started-at="2022-04-23T16:11:31 IST" name="loginPageTest" finished-at="2022-04-23T16:11:31 IST" duration-ms="305" status="PASS">
          <reporter-output>
          </reporter-output>
        </test-method> <!-- loginPageTest -->
        <test-method signature="loginPageURLTest()[pri:2, instance:com.qa.opencart.test.LoginPageTest@58112bc4]" started-at="2022-04-23T16:11:32 IST" name="loginPageURLTest" finished-at="2022-04-23T16:11:32 IST" duration-ms="34" status="PASS">
          <reporter-output>
          </reporter-output>
        </test-method> <!-- loginPageURLTest -->
        <test-method signature="verifyForgotPwdLink()[pri:3, instance:com.qa.opencart.test.LoginPageTest@58112bc4]" started-at="2022-04-23T16:11:32 IST" name="verifyForgotPwdLink" finished-at="2022-04-23T16:11:32 IST" duration-ms="115" status="PASS">
          <reporter-output>
          </reporter-output>
        </test-method> <!-- verifyForgotPwdLink -->
        <test-method signature="loginTest()[pri:4, instance:com.qa.opencart.test.LoginPageTest@58112bc4]" started-at="2022-04-23T16:11:32 IST" name="loginTest" finished-at="2022-04-23T16:11:35 IST" duration-ms="3365" status="PASS">
          <reporter-output>
          </reporter-output>
        </test-method> <!-- loginTest -->
        <test-method is-config="true" signature="tearDown()[pri:0, instance:com.qa.opencart.test.LoginPageTest@58112bc4]" started-at="2022-04-23T16:11:35 IST" name="tearDown" finished-at="2022-04-23T16:11:37 IST" duration-ms="1428" status="PASS">
          <reporter-output>
          </reporter-output>
        </test-method> <!-- tearDown -->
      </class> <!-- com.qa.opencart.test.LoginPageTest -->
    </test> <!-- Default test -->
  </suite> <!-- Default suite -->
</testng-results>
