<?xml version="1.0" encoding="UTF-8"?>
<testng-results ignored="0" total="4" passed="4" failed="0" skipped="0">
  <reporter-output>
  </reporter-output>
  <suite started-at="2022-04-19T21:12:03 IST" name="Default suite" finished-at="2022-04-19T21:12:40 IST" duration-ms="37323">
    <groups>
    </groups>
    <test started-at="2022-04-19T21:12:03 IST" name="Default test" finished-at="2022-04-19T21:12:40 IST" duration-ms="37323">
      <class name="com.qa.opencart.test.LoginPageTest">
        <test-method is-config="true" signature="setUp()[pri:0, instance:com.qa.opencart.test.LoginPageTest@3104f7bd]" started-at="2022-04-19T21:12:03 IST" name="setUp" finished-at="2022-04-19T21:12:20 IST" duration-ms="16734" status="PASS">
          <reporter-output>
          </reporter-output>
        </test-method> <!-- setUp -->
        <test-method signature="loginPageTest()[pri:1, instance:com.qa.opencart.test.LoginPageTest@3104f7bd]" started-at="2022-04-19T21:12:20 IST" name="loginPageTest" finished-at="2022-04-19T21:12:20 IST" duration-ms="126" status="PASS">
          <reporter-output>
          </reporter-output>
        </test-method> <!-- loginPageTest -->
        <test-method signature="loginPageURLTest()[pri:2, instance:com.qa.opencart.test.LoginPageTest@3104f7bd]" started-at="2022-04-19T21:12:20 IST" name="loginPageURLTest" finished-at="2022-04-19T21:12:20 IST" duration-ms="59" status="PASS">
          <reporter-output>
          </reporter-output>
        </test-method> <!-- loginPageURLTest -->
        <test-method signature="verifyForgotPwdLink()[pri:3, instance:com.qa.opencart.test.LoginPageTest@3104f7bd]" started-at="2022-04-19T21:12:20 IST" name="verifyForgotPwdLink" finished-at="2022-04-19T21:12:21 IST" duration-ms="138" status="PASS">
          <reporter-output>
          </reporter-output>
        </test-method> <!-- verifyForgotPwdLink -->
        <test-method signature="loginTest()[pri:4, instance:com.qa.opencart.test.LoginPageTest@3104f7bd]" started-at="2022-04-19T21:12:21 IST" name="loginTest" finished-at="2022-04-19T21:12:40 IST" duration-ms="19415" status="PASS">
          <reporter-output>
          </reporter-output>
        </test-method> <!-- loginTest -->
        <test-method is-config="true" signature="tearDown()[pri:0, instance:com.qa.opencart.test.LoginPageTest@3104f7bd]" started-at="2022-04-19T21:12:40 IST" name="tearDown" finished-at="2022-04-19T21:12:40 IST" duration-ms="312" status="PASS">
          <reporter-output>
          </reporter-output>
        </test-method> <!-- tearDown -->
      </class> <!-- com.qa.opencart.test.LoginPageTest -->
    </test> <!-- Default test -->
  </suite> <!-- Default suite -->
</testng-results>
